# project  configured on Tue Jul 18 20:47:15 2023 by
# waf 1.7.11 (abi 98, python 20712f0 on linux2)
# using /home/thomas/.pebble-sdk/SDKs/current/sdk-core/pebble/waf configure
#
----------------------------------------
Setting top to
/home/thomas/pebble-dev/Projects/watchface_js
----------------------------------------
Setting out to
/home/thomas/pebble-dev/Projects/watchface_js/build
----------------------------------------
Checking for program webpack
/home/thomas/.pebble-sdk/SDKs/current/node_modules/.bin/webpack
find program=['webpack'] paths=['/home/thomas/.pebble-sdk/SDKs/current/node_modules/.bin'] var='WEBPACK' -> '/home/thomas/.pebble-sdk/SDKs/current/node_modules/.bin/webpack'
----------------------------------------
Checking for program node,nodejs
/usr/bin/node
find program=['node', 'nodejs'] paths=['/home/thomas/pebble-dev/pebble-sdk-4.5-linux64/arm-cs-tools/bin', '/home/thomas/pebble-dev/pebble-sdk-4.5-linux64/bin', '/home/thomas/.pyenv/plugins/pyenv-virtualenv/shims', '/home/thomas/.pyenv/shims', '/home/thomas/.pyenv/bin', '/home/thomas/pebble-dev/pebble-sdk-4.5-linux64/bin', '/home/thomas/pebble-dev/pebble-sdk-4.5-linux64/bin', '/usr/local/sbin', '/usr/local/bin', '/usr/bin', '/usr/lib/jvm/default/bin', '/usr/bin/site_perl', '/usr/bin/vendor_perl', '/usr/bin/core_perl'] var='NODE' -> '/usr/bin/node'
----------------------------------------
Found Pebble SDK for emery in:
/home/thomas/.pebble-sdk/SDKs/current/sdk-core/pebble/emery
----------------------------------------
Checking for program gcc,cc
arm-none-eabi-gcc
find program=['gcc', 'cc'] paths='' var='CC' -> 'arm-none-eabi-gcc'
----------------------------------------
Checking for program ar
arm-none-eabi-ar
find program=['ar'] paths='' var='AR' -> 'arm-none-eabi-ar'
----------------------------------------
Found Pebble SDK for diorite in:
/home/thomas/.pebble-sdk/SDKs/current/sdk-core/pebble/diorite
----------------------------------------
Checking for program gcc,cc
arm-none-eabi-gcc
find program=['gcc', 'cc'] paths='' var='CC' -> 'arm-none-eabi-gcc'
----------------------------------------
Checking for program ar
arm-none-eabi-ar
find program=['ar'] paths='' var='AR' -> 'arm-none-eabi-ar'
----------------------------------------
Found Pebble SDK for chalk in:
/home/thomas/.pebble-sdk/SDKs/current/sdk-core/pebble/chalk
----------------------------------------
Checking for program gcc,cc
arm-none-eabi-gcc
find program=['gcc', 'cc'] paths='' var='CC' -> 'arm-none-eabi-gcc'
----------------------------------------
Checking for program ar
arm-none-eabi-ar
find program=['ar'] paths='' var='AR' -> 'arm-none-eabi-ar'
----------------------------------------
Found Pebble SDK for basalt in:
/home/thomas/.pebble-sdk/SDKs/current/sdk-core/pebble/basalt
----------------------------------------
Checking for program gcc,cc
arm-none-eabi-gcc
find program=['gcc', 'cc'] paths='' var='CC' -> 'arm-none-eabi-gcc'
----------------------------------------
Checking for program ar
arm-none-eabi-ar
find program=['ar'] paths='' var='AR' -> 'arm-none-eabi-ar'
